#
# There is insufficient memory for the Java Runtime Environment to continue.
# Native memory allocation (malloc) failed to allocate 1452336 bytes for Chunk::new
# Possible reasons:
#   The system is out of physical RAM or swap space
#   The process is running with CompressedOops enabled, and the Java Heap may be blocking the growth of the native heap
# Possible solutions:
#   Reduce memory load on the system
#   Increase physical memory or swap space
#   Check if swap backing store is full
#   Decrease Java heap size (-Xmx/-Xms)
#   Decrease number of Java threads
#   Decrease Java thread stack sizes (-Xss)
#   Set larger code cache with -XX:ReservedCodeCacheSize=
#   JVM is running with Unscaled Compressed Oops mode in which the Java heap is
#     placed in the first 4GB address space. The Java Heap base address is the
#     maximum limit for the native heap growth. Please use -XX:HeapBaseMinAddress
#     to set the Java Heap base and to place the Java Heap above 4GB virtual address.
# This output file may be truncated or incomplete.
#
#  Out of Memory Error (allocation.cpp:389), pid=1888, tid=0x0000000000001c7c
#
# JRE version: Java(TM) SE Runtime Environment (8.0_221-b11) (build 1.8.0_221-b11)
# Java VM: Java HotSpot(TM) 64-Bit Server VM (25.221-b11 mixed mode windows-amd64 compressed oops)
# Failed to write core dump. Minidumps are not enabled by default on client versions of Windows
#

---------------  T H R E A D  ---------------

Current thread (0x0000000013c90000):  JavaThread "C2 CompilerThread0" daemon [_thread_in_native, id=7292, stack(0x00000000152e0000,0x00000000153e0000)]

Stack: [0x00000000152e0000,0x00000000153e0000]
[error occurred during error reporting (printing stack bounds), id 0xc0000005]

Native frames: (J=compiled Java code, j=interpreted, Vv=VM code, C=native code)


Current CompileTask:
C2:  78795 5894       4       java.lang.Class::privateGetPublicMethods (267 bytes)


---------------  P R O C E S S  ---------------

Java Threads: ( => current thread )
  0x000000001971b000 JavaThread "Memory manager" [_thread_blocked, id=5692, stack(0x0000000020d30000,0x0000000020e30000)]
  0x0000000019715000 JavaThread "Cache worker for Build Output Cleanup Cache (C:\Users\long\Desktop\project\android\saochepapp8\android\.gradle\buildOutputCleanup)" [_thread_blocked, id=10560, stack(0x000000001fba0000,0x000000001fca0000)]
  0x0000000019719000 JavaThread "pool-1-thread-1" [_thread_blocked, id=12144, stack(0x000000001f6a0000,0x000000001f7a0000)]
  0x0000000019716000 JavaThread "Build operations Thread 4" [_thread_blocked, id=10016, stack(0x000000001f3a0000,0x000000001f4a0000)]
  0x0000000019717800 JavaThread "Build operations Thread 3" [_thread_blocked, id=1444, stack(0x000000001f2a0000,0x000000001f3a0000)]
  0x0000000019716800 JavaThread "Build operations Thread 2" [_thread_blocked, id=7276, stack(0x000000001f1a0000,0x000000001f2a0000)]
  0x0000000019719800 JavaThread "Build operations" [_thread_blocked, id=6196, stack(0x000000001f0a0000,0x000000001f1a0000)]
  0x0000000016dcd800 JavaThread "Cache worker for execution history cache (C:\Users\long\.gradle\caches\5.4.1\executionHistory)" [_thread_blocked, id=4188, stack(0x000000001eba0000,0x000000001eca0000)]
  0x0000000016dcc800 JavaThread "Cache worker for cache directory md-rule (C:\Users\long\.gradle\caches\5.4.1\md-rule)" [_thread_blocked, id=11132, stack(0x000000001c660000,0x000000001c760000)]
  0x0000000016dcc000 JavaThread "Cache worker for cache directory md-supplier (C:\Users\long\.gradle\caches\5.4.1\md-supplier)" [_thread_blocked, id=7372, stack(0x000000001bea0000,0x000000001bfa0000)]
  0x0000000016dd0800 JavaThread "Cache worker for file hash cache (C:\Users\long\Desktop\project\android\saochepapp8\android\.gradle\5.4.1\fileHashes)" [_thread_blocked, id=7436, stack(0x000000001bba0000,0x000000001bca0000)]
  0x0000000016dcf000 JavaThread "Cache worker for journal cache (C:\Users\long\.gradle\caches\journal-1)" [_thread_blocked, id=10940, stack(0x0000000018930000,0x0000000018a30000)]
  0x0000000016dce000 JavaThread "File lock request listener" [_thread_in_native, id=7908, stack(0x0000000018830000,0x0000000018930000)]
  0x0000000016dcf800 JavaThread "Cache worker for file hash cache (C:\Users\long\.gradle\caches\5.4.1\fileHashes)" [_thread_blocked, id=2240, stack(0x0000000018730000,0x0000000018830000)]
  0x000000001580e800 JavaThread "Thread-9" [_thread_blocked, id=12108, stack(0x0000000018430000,0x0000000018530000)]
  0x0000000016d49800 JavaThread "Stdin handler" [_thread_blocked, id=10908, stack(0x0000000018330000,0x0000000018430000)]
  0x0000000016389000 JavaThread "Asynchronous log dispatcher for DefaultDaemonConnection: socket connection from /127.0.0.1:51184 to /127.0.0.1:51185" [_thread_blocked, id=10456, stack(0x0000000018230000,0x0000000018330000)]
  0x0000000016388000 JavaThread "Daemon worker" [_thread_in_native, id=6508, stack(0x0000000018130000,0x0000000018230000)]
  0x00000000155ff800 JavaThread "Cancel handler" [_thread_blocked, id=1416, stack(0x0000000018030000,0x0000000018130000)]
  0x00000000157b3800 JavaThread "Handler for socket connection from /127.0.0.1:51184 to /127.0.0.1:51185" [_thread_in_native, id=812, stack(0x0000000017f30000,0x0000000018030000)]
  0x0000000016c8e800 JavaThread "Daemon" [_thread_blocked, id=8780, stack(0x0000000017e30000,0x0000000017f30000)]
  0x00000000156ec000 JavaThread "Daemon periodic checks" [_thread_blocked, id=4512, stack(0x0000000017d30000,0x0000000017e30000)]
  0x00000000156e9000 JavaThread "Incoming local TCP Connector on port 51184" [_thread_in_native, id=9036, stack(0x0000000017af0000,0x0000000017bf0000)]
  0x0000000016ad2000 JavaThread "Daemon health stats" [_thread_blocked, id=6776, stack(0x00000000173b0000,0x00000000174b0000)]
  0x0000000013cee800 JavaThread "Service Thread" daemon [_thread_blocked, id=6836, stack(0x00000000159e0000,0x0000000015ae0000)]
  0x0000000013c9c000 JavaThread "C1 CompilerThread2" daemon [_thread_blocked, id=10832, stack(0x00000000154e0000,0x00000000155e0000)]
  0x0000000013c94000 JavaThread "C2 CompilerThread1" daemon [_thread_in_native, id=10628, stack(0x00000000153e0000,0x00000000154e0000)]
=>0x0000000013c90000 JavaThread "C2 CompilerThread0" daemon [_thread_in_native, id=7292, stack(0x00000000152e0000,0x00000000153e0000)]
  0x0000000013c8e000 JavaThread "Attach Listener" daemon [_thread_blocked, id=5428, stack(0x00000000151e0000,0x00000000152e0000)]
  0x0000000013c8a800 JavaThread "Signal Dispatcher" daemon [_thread_blocked, id=3940, stack(0x00000000150e0000,0x00000000151e0000)]
  0x000000000282b000 JavaThread "Finalizer" daemon [_thread_blocked, id=9408, stack(0x0000000014ef0000,0x0000000014ff0000)]
  0x0000000013c79800 JavaThread "Reference Handler" daemon [_thread_blocked, id=2672, stack(0x0000000014df0000,0x0000000014ef0000)]
  0x000000000291e800 JavaThread "main" [_thread_blocked, id=8648, stack(0x0000000002610000,0x0000000002710000)]

Other Threads:
  0x0000000013c57800 VMThread [stack: 0x0000000014cf0000,0x0000000014df0000] [id=1860]
  0x000000001562d800 WatcherThread [stack: 0x0000000015ae0000,0x0000000015be0000] [id=10512]

VM state:not at safepoint (normal execution)

VM Mutex/Monitor currently owned by a thread: None

heap address: 0x00000000e0000000, size: 512 MB, Compressed Oops mode: 32-bit
Narrow klass base: 0x0000000000000000, Narrow klass shift: 3
Compressed class space size: 1073741824 Address: 0x0000000100000000

Heap:
 PSYoungGen      total 152576K, used 20091K [0x00000000f5580000, 0x00000000fff80000, 0x0000000100000000)
  eden space 132096K, 3% used [0x00000000f5580000,0x00000000f5aa8930,0x00000000fd680000)
  from space 20480K, 72% used [0x00000000feb80000,0x00000000ff9f6690,0x00000000fff80000)
  to   space 20992K, 0% used [0x00000000fd680000,0x00000000fd680000,0x00000000feb00000)
 ParOldGen       total 175104K, used 29707K [0x00000000e0000000, 0x00000000eab00000, 0x00000000f5580000)
  object space 175104K, 16% used [0x00000000e0000000,0x00000000e1d02e48,0x00000000eab00000)
 Metaspace       used 62664K, capacity 64722K, committed 64920K, reserved 1105920K
  class space    used 8706K, capacity 9242K, committed 9368K, reserved 1048576K

Card table byte_map: [0x0000000011ce0000,0x0000000011df0000] byte_map_base: 0x00000000115e0000

Marking Bits: (ParMarkBitMap*) 0x0000000060105ce0
 Begin Bits: [0x00000000121f0000, 0x00000000129f0000)
 End Bits:   [0x00000000129f0000, 0x00000000131f0000)

Polling page: 0x0000000000e10000

CodeCache: size=245760Kb used=19747Kb max_used=19747Kb free=226012Kb
 bounds [0x0000000002920000, 0x0000000003c80000, 0x0000000011920000]
 total_blobs=6556 nmethods=5736 adapters=732
 compilation: enabled

Compilation events (10 events):
Event: 78.764 Thread 0x0000000013c9c000 6310   !   3       org.gradle.cache.internal.LockOnDemandCrossProcessCacheAccess::decrementLockCount (86 bytes)
Event: 78.764 Thread 0x0000000013c9c000 nmethod 6310 0x0000000003c71790 code [0x0000000003c71960, 0x0000000003c71f48]
Event: 78.775 Thread 0x0000000013c9c000 6311       3       java.util.concurrent.locks.AbstractQueuedSynchronizer$ConditionObject::signalAll (33 bytes)
Event: 78.776 Thread 0x0000000013c9c000 nmethod 6311 0x0000000003c721d0 code [0x0000000003c72360, 0x0000000003c726c8]
Event: 78.776 Thread 0x0000000013c9c000 6312   !   3       org.gradle.cache.internal.DefaultCacheAccess::getFileLock (97 bytes)
Event: 78.777 Thread 0x0000000013c9c000 nmethod 6312 0x0000000003c72810 code [0x0000000003c72ac0, 0x0000000003c73d98]
Event: 78.777 Thread 0x0000000013c9c000 6313       3       java.io.FileInputStream::<init> (110 bytes)
Event: 78.779 Thread 0x0000000013c9c000 nmethod 6313 0x0000000003c74a10 code [0x0000000003c74c20, 0x0000000003c756f8]
Event: 78.779 Thread 0x0000000013c9c000 6314       3       java.io.FileInputStream::open (6 bytes)
Event: 78.779 Thread 0x0000000013c9c000 nmethod 6314 0x0000000003c75b50 code [0x0000000003c75cc0, 0x0000000003c75e48]

GC Heap History (10 events):
Event: 64.629 GC heap before
{Heap before GC invocations=9 (full 2):
 PSYoungGen      total 135168K, used 124928K [0x00000000f5580000, 0x00000000ffa80000, 0x0000000100000000)
  eden space 124928K, 100% used [0x00000000f5580000,0x00000000fcf80000,0x00000000fcf80000)
  from space 10240K, 0% used [0x00000000ff080000,0x00000000ff080000,0x00000000ffa80000)
  to   space 14848K, 0% used [0x00000000fdd80000,0x00000000fdd80000,0x00000000fec00000)
 ParOldGen       total 175104K, used 17023K [0x00000000e0000000, 0x00000000eab00000, 0x00000000f5580000)
  object space 175104K, 9% used [0x00000000e0000000,0x00000000e109fc18,0x00000000eab00000)
 Metaspace       used 45614K, capacity 46758K, committed 46896K, reserved 1089536K
  class space    used 6272K, capacity 6668K, committed 6704K, reserved 1048576K
Event: 64.666 GC heap after
Heap after GC invocations=9 (full 2):
 PSYoungGen      total 154112K, used 14840K [0x00000000f5580000, 0x0000000100000000, 0x0000000100000000)
  eden space 139264K, 0% used [0x00000000f5580000,0x00000000f5580000,0x00000000fdd80000)
  from space 14848K, 99% used [0x00000000fdd80000,0x00000000febfe200,0x00000000fec00000)
  to   space 17408K, 0% used [0x00000000fef00000,0x00000000fef00000,0x0000000100000000)
 ParOldGen       total 175104K, used 18284K [0x00000000e0000000, 0x00000000eab00000, 0x00000000f5580000)
  object space 175104K, 10% used [0x00000000e0000000,0x00000000e11db338,0x00000000eab00000)
 Metaspace       used 45614K, capacity 46758K, committed 46896K, reserved 1089536K
  class space    used 6272K, capacity 6668K, committed 6704K, reserved 1048576K
}
Event: 73.523 GC heap before
{Heap before GC invocations=10 (full 2):
 PSYoungGen      total 154112K, used 154104K [0x00000000f5580000, 0x0000000100000000, 0x0000000100000000)
  eden space 139264K, 100% used [0x00000000f5580000,0x00000000fdd80000,0x00000000fdd80000)
  from space 14848K, 99% used [0x00000000fdd80000,0x00000000febfe200,0x00000000fec00000)
  to   space 17408K, 0% used [0x00000000fef00000,0x00000000fef00000,0x0000000100000000)
 ParOldGen       total 175104K, used 18284K [0x00000000e0000000, 0x00000000eab00000, 0x00000000f5580000)
  object space 175104K, 10% used [0x00000000e0000000,0x00000000e11db338,0x00000000eab00000)
 Metaspace       used 57175K, capacity 58652K, committed 58800K, reserved 1099776K
  class space    used 7869K, capacity 8277K, committed 8368K, reserved 1048576K
Event: 73.556 GC heap after
Heap after GC invocations=10 (full 2):
 PSYoungGen      total 148992K, used 17380K [0x00000000f5580000, 0x0000000100000000, 0x0000000100000000)
  eden space 131584K, 0% used [0x00000000f5580000,0x00000000f5580000,0x00000000fd600000)
  from space 17408K, 99% used [0x00000000fef00000,0x00000000ffff9138,0x0000000100000000)
  to   space 21504K, 0% used [0x00000000fd600000,0x00000000fd600000,0x00000000feb00000)
 ParOldGen       total 175104K, used 22761K [0x00000000e0000000, 0x00000000eab00000, 0x00000000f5580000)
  object space 175104K, 12% used [0x00000000e0000000,0x00000000e163a4c8,0x00000000eab00000)
 Metaspace       used 57175K, capacity 58652K, committed 58800K, reserved 1099776K
  class space    used 7869K, capacity 8277K, committed 8368K, reserved 1048576K
}
Event: 73.662 GC heap before
{Heap before GC invocations=11 (full 2):
 PSYoungGen      total 148992K, used 25148K [0x00000000f5580000, 0x0000000100000000, 0x0000000100000000)
  eden space 131584K, 5% used [0x00000000f5580000,0x00000000f5d161f8,0x00000000fd600000)
  from space 17408K, 99% used [0x00000000fef00000,0x00000000ffff9138,0x0000000100000000)
  to   space 21504K, 0% used [0x00000000fd600000,0x00000000fd600000,0x00000000feb00000)
 ParOldGen       total 175104K, used 22761K [0x00000000e0000000, 0x00000000eab00000, 0x00000000f5580000)
  object space 175104K, 12% used [0x00000000e0000000,0x00000000e163a4c8,0x00000000eab00000)
 Metaspace       used 57498K, capacity 58958K, committed 59160K, reserved 1099776K
  class space    used 7926K, capacity 8380K, committed 8472K, reserved 1048576K
Event: 73.690 GC heap after
Heap after GC invocations=11 (full 2):
 PSYoungGen      total 153088K, used 13991K [0x00000000f5580000, 0x0000000100000000, 0x0000000100000000)
  eden space 131584K, 0% used [0x00000000f5580000,0x00000000f5580000,0x00000000fd600000)
  from space 21504K, 65% used [0x00000000fd600000,0x00000000fe3a9fb8,0x00000000feb00000)
  to   space 20992K, 0% used [0x00000000feb80000,0x00000000feb80000,0x0000000100000000)
 ParOldGen       total 175104K, used 22769K [0x00000000e0000000, 0x00000000eab00000, 0x00000000f5580000)
  object space 175104K, 13% used [0x00000000e0000000,0x00000000e163c4c8,0x00000000eab00000)
 Metaspace       used 57498K, capacity 58958K, committed 59160K, reserved 1099776K
  class space    used 7926K, capacity 8380K, committed 8472K, reserved 1048576K
}
Event: 73.690 GC heap before
{Heap before GC invocations=12 (full 3):
 PSYoungGen      total 153088K, used 13991K [0x00000000f5580000, 0x0000000100000000, 0x0000000100000000)
  eden space 131584K, 0% used [0x00000000f5580000,0x00000000f5580000,0x00000000fd600000)
  from space 21504K, 65% used [0x00000000fd600000,0x00000000fe3a9fb8,0x00000000feb00000)
  to   space 20992K, 0% used [0x00000000feb80000,0x00000000feb80000,0x0000000100000000)
 ParOldGen       total 175104K, used 22769K [0x00000000e0000000, 0x00000000eab00000, 0x00000000f5580000)
  object space 175104K, 13% used [0x00000000e0000000,0x00000000e163c4c8,0x00000000eab00000)
 Metaspace       used 57498K, capacity 58958K, committed 59160K, reserved 1099776K
  class space    used 7926K, capacity 8380K, committed 8472K, reserved 1048576K
Event: 74.200 GC heap after
Heap after GC invocations=12 (full 3):
 PSYoungGen      total 153088K, used 0K [0x00000000f5580000, 0x0000000100000000, 0x0000000100000000)
  eden space 131584K, 0% used [0x00000000f5580000,0x00000000f5580000,0x00000000fd600000)
  from space 21504K, 0% used [0x00000000fd600000,0x00000000fd600000,0x00000000feb00000)
  to   space 20992K, 0% used [0x00000000feb80000,0x00000000feb80000,0x0000000100000000)
 ParOldGen       total 175104K, used 29707K [0x00000000e0000000, 0x00000000eab00000, 0x00000000f5580000)
  object space 175104K, 16% used [0x00000000e0000000,0x00000000e1d02e48,0x00000000eab00000)
 Metaspace       used 57498K, capacity 58958K, committed 59160K, reserved 1099776K
  class space    used 7926K, capacity 8380K, committed 8472K, reserved 1048576K
}
Event: 78.219 GC heap before
{Heap before GC invocations=13 (full 3):
 PSYoungGen      total 153088K, used 131584K [0x00000000f5580000, 0x0000000100000000, 0x0000000100000000)
  eden space 131584K, 100% used [0x00000000f5580000,0x00000000fd600000,0x00000000fd600000)
  from space 21504K, 0% used [0x00000000fd600000,0x00000000fd600000,0x00000000feb00000)
  to   space 20992K, 0% used [0x00000000feb80000,0x00000000feb80000,0x0000000100000000)
 ParOldGen       total 175104K, used 29707K [0x00000000e0000000, 0x00000000eab00000, 0x00000000f5580000)
  object space 175104K, 16% used [0x00000000e0000000,0x00000000e1d02e48,0x00000000eab00000)
 Metaspace       used 62532K, capacity 64502K, committed 64536K, reserved 1103872K
  class space    used 8698K, capacity 9238K, committed 9240K, reserved 1048576K
Event: 78.253 GC heap after
Heap after GC invocations=13 (full 3):
 PSYoungGen      total 152576K, used 14809K [0x00000000f5580000, 0x00000000fff80000, 0x0000000100000000)
  eden space 132096K, 0% used [0x00000000f5580000,0x00000000f5580000,0x00000000fd680000)
  from space 20480K, 72% used [0x00000000feb80000,0x00000000ff9f6690,0x00000000fff80000)
  to   space 20992K, 0% used [0x00000000fd680000,0x00000000fd680000,0x00000000feb00000)
 ParOldGen       total 175104K, used 29707K [0x00000000e0000000, 0x00000000eab00000, 0x00000000f5580000)
  object space 175104K, 16% used [0x00000000e0000000,0x00000000e1d02e48,0x00000000eab00000)
 Metaspace       used 62532K, capacity 64502K, committed 64536K, reserved 1103872K
  class space    used 8698K, capacity 9238K, committed 9240K, reserved 1048576K
}

Deoptimization events (10 events):
Event: 77.874 Thread 0x0000000016388000 Uncommon trap: reason=class_check action=maybe_recompile pc=0x000000000333851c method=com.google.common.io.CountingInputStream.read([BII)I @ 7
Event: 77.876 Thread 0x0000000016388000 Uncommon trap: reason=class_check action=maybe_recompile pc=0x000000000333851c method=com.google.common.io.CountingInputStream.read([BII)I @ 7
Event: 77.891 Thread 0x0000000016388000 Uncommon trap: reason=unstable_if action=reinterpret pc=0x00000000037f0ae8 method=java.util.regex.Pattern$GroupTail.match(Ljava/util/regex/Matcher;ILjava/lang/CharSequence;)Z @ 73
Event: 77.987 Thread 0x0000000016388000 Uncommon trap: reason=class_check action=maybe_recompile pc=0x000000000333851c method=com.google.common.io.CountingInputStream.read([BII)I @ 7
Event: 78.033 Thread 0x0000000016388000 Uncommon trap: reason=unstable_if action=reinterpret pc=0x0000000003856e20 method=com.sun.org.apache.xerces.internal.utils.XMLSecurityManager.isOverLimit(ILcom/sun/org/apache/xerces/internal/utils/XMLLimitAnalyzer;)Z @ 28
Event: 78.037 Thread 0x0000000016388000 Uncommon trap: reason=unstable_if action=reinterpret pc=0x00000000038ae188 method=com.sun.org.apache.xerces.internal.util.SymbolTable.addSymbol([CII)Ljava/lang/String; @ 64
Event: 78.038 Thread 0x0000000016388000 Uncommon trap: reason=unstable_if action=reinterpret pc=0x000000000388a604 method=com.sun.org.apache.xerces.internal.util.SymbolTable.addSymbol([CII)Ljava/lang/String; @ 64
Event: 78.041 Thread 0x0000000016388000 Uncommon trap: reason=unstable_if action=reinterpret pc=0x000000000389b028 method=com.sun.org.apache.xerces.internal.impl.XMLEntityScanner.skipSpaces()Z @ 273
Event: 78.059 Thread 0x0000000016388000 Uncommon trap: reason=unstable_if action=reinterpret pc=0x000000000327dc2c method=java.util.Arrays.hashCode([Ljava/lang/Object;)I @ 34
Event: 78.059 Thread 0x0000000016388000 Uncommon trap: reason=unstable_if action=reinterpret pc=0x00000000032425ec method=java.util.Arrays.hashCode([Ljava/lang/Object;)I @ 34

Classes redefined (0 events):
No events

Internal exceptions (10 events):
Event: 77.440 Thread 0x0000000016388000 Exception <a 'java/security/PrivilegedActionException'> (0x00000000fc5d8d08) thrown at [C:\re\workspace\8-2-build-windows-amd64-cygwin\jdk8u221\13320\hotspot\src\share\vm\prims\jvm.cpp, line 1502]
Event: 77.440 Thread 0x0000000016388000 Exception <a 'java/security/PrivilegedActionException'> (0x00000000fc5da410) thrown at [C:\re\workspace\8-2-build-windows-amd64-cygwin\jdk8u221\13320\hotspot\src\share\vm\prims\jvm.cpp, line 1502]
Event: 77.440 Thread 0x0000000016388000 Exception <a 'java/lang/ClassNotFoundException': org/codehaus/groovy/runtime/NullObjectCustomizer> (0x00000000fc5e0420) thrown at [C:\re\workspace\8-2-build-windows-amd64-cygwin\jdk8u221\13320\hotspot\src\share\vm\classfile\systemDictionary.cpp, line 210]
Event: 77.494 Thread 0x0000000016388000 Exception <a 'java/lang/ClassNotFoundException': org/apache/maven/model/DeveloperBeanInfo> (0x00000000fc678198) thrown at [C:\re\workspace\8-2-build-windows-amd64-cygwin\jdk8u221\13320\hotspot\src\share\vm\classfile\systemDictionary.cpp, line 210]
Event: 77.496 Thread 0x0000000016388000 Exception <a 'java/lang/ClassNotFoundException': org/apache/maven/model/ContributorBeanInfo> (0x00000000fc69e0b0) thrown at [C:\re\workspace\8-2-build-windows-amd64-cygwin\jdk8u221\13320\hotspot\src\share\vm\classfile\systemDictionary.cpp, line 210]
Event: 77.499 Thread 0x0000000016388000 Exception <a 'java/lang/ClassNotFoundException': org/apache/maven/model/ContributorCustomizer> (0x00000000fc6c5c68) thrown at [C:\re\workspace\8-2-build-windows-amd64-cygwin\jdk8u221\13320\hotspot\src\share\vm\classfile\systemDictionary.cpp, line 210]
Event: 77.503 Thread 0x0000000016388000 Exception <a 'java/lang/ClassNotFoundException': org/apache/maven/model/DeveloperCustomizer> (0x00000000fc702dc8) thrown at [C:\re\workspace\8-2-build-windows-amd64-cygwin\jdk8u221\13320\hotspot\src\share\vm\classfile\systemDictionary.cpp, line 210]
Event: 77.857 Thread 0x0000000016388000 Implicit null exception at 0x00000000033456e2 to 0x0000000003345c21
Event: 78.059 Thread 0x0000000016388000 Implicit null exception at 0x000000000327db6f to 0x000000000327dc0d
Event: 78.059 Thread 0x0000000016388000 Implicit null exception at 0x000000000324252f to 0x00000000032425cd

Events (10 events):
Event: 78.416 loading class org/gradle/api/internal/artifacts/dsl/ComponentSelectorParsers
Event: 78.416 loading class org/gradle/api/internal/artifacts/dsl/ComponentSelectorParsers done
Event: 78.417 loading class org/gradle/api/internal/artifacts/dsl/ComponentSelectorParsers$StringConverter
Event: 78.417 loading class org/gradle/api/internal/artifacts/dsl/ComponentSelectorParsers$StringConverter done
Event: 78.419 loading class org/gradle/api/internal/artifacts/dsl/ComponentSelectorParsers$MapConverter
Event: 78.419 loading class org/gradle/api/internal/artifacts/dsl/ComponentSelectorParsers$MapConverter done
Event: 78.421 loading class org/gradle/api/internal/artifacts/dsl/ComponentSelectorParsers$ProjectConverter
Event: 78.421 loading class org/gradle/api/internal/artifacts/dsl/ComponentSelectorParsers$ProjectConverter done
Event: 78.422 loading class org/gradle/api/internal/artifacts/ivyservice/dependencysubstitution/UnversionedModuleComponentSelector
Event: 78.422 loading class org/gradle/api/internal/artifacts/ivyservice/dependencysubstitution/UnversionedModuleComponentSelector done


Dynamic libraries:
0x00007ff6dd340000 - 0x00007ff6dd377000 	C:\Program Files\Java\jdk1.8.0_221\bin\java.exe
0x00007ffd8ea30000 - 0x00007ffd8ec11000 	C:\Windows\SYSTEM32\ntdll.dll
0x00007ffd8d560000 - 0x00007ffd8d611000 	C:\Windows\System32\KERNEL32.DLL
0x00007ffd8b690000 - 0x00007ffd8b903000 	C:\Windows\System32\KERNELBASE.dll
0x00007ffd8bf20000 - 0x00007ffd8bfc1000 	C:\Windows\System32\ADVAPI32.dll
0x00007ffd8d7b0000 - 0x00007ffd8d84e000 	C:\Windows\System32\msvcrt.dll
0x00007ffd8bfd0000 - 0x00007ffd8c02b000 	C:\Windows\System32\sechost.dll
0x00007ffd8e2a0000 - 0x00007ffd8e3c4000 	C:\Windows\System32\RPCRT4.dll
0x00007ffd8d620000 - 0x00007ffd8d7b0000 	C:\Windows\System32\USER32.dll
0x00007ffd8bea0000 - 0x00007ffd8bec0000 	C:\Windows\System32\win32u.dll
0x00007ffd8d960000 - 0x00007ffd8d988000 	C:\Windows\System32\GDI32.dll
0x00007ffd8ba10000 - 0x00007ffd8bba1000 	C:\Windows\System32\gdi32full.dll
0x00007ffd8b590000 - 0x00007ffd8b62f000 	C:\Windows\System32\msvcp_win.dll
0x00007ffd8b910000 - 0x00007ffd8ba08000 	C:\Windows\System32\ucrtbase.dll
0x00007ffd80c20000 - 0x00007ffd80e89000 	C:\Windows\WinSxS\amd64_microsoft.windows.common-controls_6595b64144ccf1df_6.0.17134.950_none_fb3da4273069d3e0\COMCTL32.dll
0x00007ffd8e6d0000 - 0x00007ffd8e9f2000 	C:\Windows\System32\combase.dll
0x00007ffd8ae00000 - 0x00007ffd8ae79000 	C:\Windows\System32\bcryptPrimitives.dll
0x00007ffd8d930000 - 0x00007ffd8d95d000 	C:\Windows\System32\IMM32.DLL
0x0000000060190000 - 0x0000000060262000 	C:\Program Files\Java\jdk1.8.0_221\jre\bin\msvcr100.dll
0x000000005f8e0000 - 0x0000000060185000 	C:\Program Files\Java\jdk1.8.0_221\jre\bin\server\jvm.dll
0x00007ffd8e620000 - 0x00007ffd8e628000 	C:\Windows\System32\PSAPI.DLL
0x00007ffd869a0000 - 0x00007ffd869a9000 	C:\Windows\SYSTEM32\WSOCK32.dll
0x00007ffd86ee0000 - 0x00007ffd86f03000 	C:\Windows\SYSTEM32\WINMM.dll
0x00007ffd85080000 - 0x00007ffd8508a000 	C:\Windows\SYSTEM32\VERSION.dll
0x00007ffd8dd60000 - 0x00007ffd8ddcc000 	C:\Windows\System32\WS2_32.dll
0x00007ffd86eb0000 - 0x00007ffd86eda000 	C:\Windows\SYSTEM32\winmmbase.dll
0x00007ffd8bbb0000 - 0x00007ffd8bbf9000 	C:\Windows\System32\cfgmgr32.dll
0x00007ffd87c10000 - 0x00007ffd87c1f000 	C:\Program Files\Java\jdk1.8.0_221\jre\bin\verify.dll
0x00007ffd84400000 - 0x00007ffd84429000 	C:\Program Files\Java\jdk1.8.0_221\jre\bin\java.dll
0x00007ffd86000000 - 0x00007ffd86016000 	C:\Program Files\Java\jdk1.8.0_221\jre\bin\zip.dll
0x00007ffd8c120000 - 0x00007ffd8d560000 	C:\Windows\System32\SHELL32.dll
0x00007ffd8e3d0000 - 0x00007ffd8e479000 	C:\Windows\System32\shcore.dll
0x00007ffd8ae80000 - 0x00007ffd8b58d000 	C:\Windows\System32\windows.storage.dll
0x00007ffd8d8d0000 - 0x00007ffd8d921000 	C:\Windows\System32\shlwapi.dll
0x00007ffd8ada0000 - 0x00007ffd8adb1000 	C:\Windows\System32\kernel.appcore.dll
0x00007ffd8ade0000 - 0x00007ffd8adff000 	C:\Windows\System32\profapi.dll
0x00007ffd8ad40000 - 0x00007ffd8ad8c000 	C:\Windows\System32\powrprof.dll
0x00007ffd8ad90000 - 0x00007ffd8ad9a000 	C:\Windows\System32\FLTLIB.DLL
0x00007ffd82d40000 - 0x00007ffd82d5a000 	C:\Program Files\Java\jdk1.8.0_221\jre\bin\net.dll
0x00007ffd7d5a0000 - 0x00007ffd7d769000 	C:\Windows\SYSTEM32\urlmon.dll
0x00007ffd7eb20000 - 0x00007ffd7edc6000 	C:\Windows\SYSTEM32\iertutil.dll
0x00007ffd8a790000 - 0x00007ffd8a79b000 	C:\Windows\SYSTEM32\CRYPTBASE.DLL
0x00007ffd8a5c0000 - 0x00007ffd8a626000 	C:\Windows\system32\mswsock.dll
0x00007ffd7aa80000 - 0x00007ffd7aa92000 	C:\Program Files\Java\jdk1.8.0_221\jre\bin\nio.dll
0x00007ffd85fd0000 - 0x00007ffd85ff6000 	C:\Users\long\.gradle\native\29\windows-amd64\native-platform.dll
0x00007ffd830f0000 - 0x00007ffd830fd000 	C:\Program Files\Java\jdk1.8.0_221\jre\bin\management.dll
0x00007ffd8a770000 - 0x00007ffd8a787000 	C:\Windows\SYSTEM32\CRYPTSP.dll
0x00007ffd8a170000 - 0x00007ffd8a1a3000 	C:\Windows\system32\rsaenh.dll
0x00007ffd8a8a0000 - 0x00007ffd8a8c5000 	C:\Windows\SYSTEM32\bcrypt.dll
0x00007ffd8ac70000 - 0x00007ffd8ac98000 	C:\Windows\SYSTEM32\USERENV.dll
0x00007ffd8a310000 - 0x00007ffd8a348000 	C:\Windows\SYSTEM32\IPHLPAPI.DLL
0x00007ffd8c030000 - 0x00007ffd8c038000 	C:\Windows\System32\NSI.dll
0x00007ffd84090000 - 0x00007ffd840a6000 	C:\Windows\SYSTEM32\dhcpcsvc6.DLL
0x00007ffd840b0000 - 0x00007ffd840ca000 	C:\Windows\SYSTEM32\dhcpcsvc.DLL

VM Arguments:
jvm_args: -XX:MaxMetaspaceSize=256m -XX:+HeapDumpOnOutOfMemoryError -Xms256m -Xmx512m -Dfile.encoding=windows-1252 -Duser.country=US -Duser.language=en -Duser.variant 
java_command: org.gradle.launcher.daemon.bootstrap.GradleDaemon 5.4.1
java_class_path (initial): C:\Users\long\.gradle\wrapper\dists\gradle-5.4.1-all\3221gyojl5jsh0helicew7rwx\gradle-5.4.1\lib\gradle-launcher-5.4.1.jar
Launcher Type: SUN_STANDARD

Environment Variables:
JAVA_HOME=C:\Program Files\Java\jdk1.8.0_221
CLASSPATH=C:\Users\long\Desktop\project\android\saochepapp8\android\\gradle\wrapper\gradle-wrapper.jar
PATH=C:\Python27\;C:\Python27\Scripts;C:\Windows\system32;C:\Windows;C:\Windows\System32\Wbem;C:\Windows\System32\WindowsPowerShell\v1.0\;C:\Windows\System32\OpenSSH\;C:\ProgramData\chocolatey\bin;C:\Program Files\nodejs\;C:\Program Files\Java\jdk1.8.0_221\bin;C:\Program Files (x86)\Yarn\bin\;C:\Python27\;C:\Python27\Scripts;C:\Windows\system32;C:\Windows;C:\Windows\System32\Wbem;C:\Windows\System32\WindowsPowerShell\v1.0\;C:\Windows\System32\OpenSSH\;C:\ProgramData\chocolatey\bin;C:\Program Files\nodejs\;C:\Program Files\Java\jdk1.8.0_221\bin;C:\Users\long\AppData\Local\Microsoft\WindowsApps;C:\Users\long\AppData\Local\Programs\Microsoft VS Code\bin;C:\Users\long\AppData\Roaming\npm;C:\Users\long\AppData\Local\Android\Sdk\platform-tools;C:\Users\long\AppData\Local\Yarn\bin;C:\Users\long\AppData\Local\Programs\Git\cmd
USERNAME=long
OS=Windows_NT
PROCESSOR_IDENTIFIER=Intel64 Family 6 Model 69 Stepping 1, GenuineIntel



---------------  S Y S T E M  ---------------

OS: Windows 10.0 , 64 bit Build 17134 (10.0.17134.753)

CPU:total 4 (initial active 4) (2 cores per cpu, 2 threads per core) family 6 model 69 stepping 1, cmov, cx8, fxsr, mmx, sse, sse2, sse3, ssse3, sse4.1, sse4.2, popcnt, avx, avx2, aes, clmul, erms, lzcnt, ht, tsc, tscinvbit, bmi1, bmi2

Memory: 4k page, physical 4074556k(722352k free), swap 16657468k(5600k free)

vm_info: Java HotSpot(TM) 64-Bit Server VM (25.221-b11) for windows-amd64 JRE (1.8.0_221-b11), built on Jul  4 2019 04:39:29 by "java_re" with MS VC++ 10.0 (VS2010)

time: Fri Sep 06 19:38:20 2019
timezone: SE Asia Standard Time
elapsed time: 78 seconds (0d 0h 1m 18s)

