#
# There is insufficient memory for the Java Runtime Environment to continue.
# Native memory allocation (malloc) failed to allocate 673616 bytes for Chunk::new
# Possible reasons:
#   The system is out of physical RAM or swap space
#   The process is running with CompressedOops enabled, and the Java Heap may be blocking the growth of the native heap
# Possible solutions:
#   Reduce memory load on the system
#   Increase physical memory or swap space
#   Check if swap backing store is full
#   Decrease Java heap size (-Xmx/-Xms)
#   Decrease number of Java threads
#   Decrease Java thread stack sizes (-Xss)
#   Set larger code cache with -XX:ReservedCodeCacheSize=
#   JVM is running with Unscaled Compressed Oops mode in which the Java heap is
#     placed in the first 4GB address space. The Java Heap base address is the
#     maximum limit for the native heap growth. Please use -XX:HeapBaseMinAddress
#     to set the Java Heap base and to place the Java Heap above 4GB virtual address.
# This output file may be truncated or incomplete.
#
#  Out of Memory Error (allocation.cpp:389), pid=6508, tid=0x0000000000002590
#
# JRE version: Java(TM) SE Runtime Environment (8.0_221-b11) (build 1.8.0_221-b11)
# Java VM: Java HotSpot(TM) 64-Bit Server VM (25.221-b11 mixed mode windows-amd64 compressed oops)
# Failed to write core dump. Minidumps are not enabled by default on client versions of Windows
#

---------------  T H R E A D  ---------------

Current thread (0x0000000013a74000):  JavaThread "C2 CompilerThread1" daemon [_thread_in_native, id=9616, stack(0x00000000151b0000,0x00000000152b0000)]

Stack: [0x00000000151b0000,0x00000000152b0000]
[error occurred during error reporting (printing stack bounds), id 0xc0000005]

Native frames: (J=compiled Java code, j=interpreted, Vv=VM code, C=native code)


Current CompileTask:
C2:2765274 9705       4       org.gradle.internal.service.DefaultServiceRegistry$OwnServices$ProviderAnalyser::analyseType (78 bytes)


---------------  P R O C E S S  ---------------

Java Threads: ( => current thread )
  0x000000001ae6d800 JavaThread "Cache worker for file hash cache (C:\Users\long\Desktop\project\android\app10\android\.gradle\5.4.1\fileHashes)" [_thread_blocked, id=10680, stack(0x0000000022c20000,0x0000000022d20000)]
  0x000000001ae6c800 JavaThread "Thread-35" [_thread_blocked, id=2584, stack(0x0000000022b20000,0x0000000022c20000)]
  0x000000001ae6c000 JavaThread "Stdin handler" [_thread_blocked, id=8104, stack(0x0000000022a20000,0x0000000022b20000)]
  0x000000001ae6a800 JavaThread "Asynchronous log dispatcher for DefaultDaemonConnection: socket connection from /127.0.0.1:50417 to /127.0.0.1:51094" [_thread_blocked, id=12080, stack(0x0000000022920000,0x0000000022a20000)]
  0x000000001ae61800 JavaThread "Daemon worker Thread 2" [_thread_in_native, id=7632, stack(0x0000000022820000,0x0000000022920000)]
  0x000000001ae68000 JavaThread "Cancel handler" [_thread_blocked, id=12236, stack(0x0000000022720000,0x0000000022820000)]
  0x000000001ae67800 JavaThread "Handler for socket connection from /127.0.0.1:50417 to /127.0.0.1:51094" [_thread_in_native, id=11728, stack(0x0000000022620000,0x0000000022720000)]
  0x000000001ae66800 JavaThread "Daemon Thread 2" [_thread_blocked, id=2088, stack(0x0000000022520000,0x0000000022620000)]
  0x000000001ae65000 JavaThread "Device List Monitor" [_thread_in_native, id=7412, stack(0x0000000021f20000,0x0000000022020000)]
  0x000000001ae63000 JavaThread "Monitor" [_thread_in_native, id=2668, stack(0x0000000021b20000,0x0000000021c20000)]
  0x000000001a02d800 JavaThread "Cache worker for file content cache (C:\Users\long\.gradle\caches\5.4.1\fileContent)" [_thread_blocked, id=1452, stack(0x0000000020e80000,0x0000000020f80000)]
  0x000000001a032800 JavaThread "Memory manager" [_thread_blocked, id=10864, stack(0x0000000020b80000,0x0000000020c80000)]
  0x000000001a026000 JavaThread "Cache worker for execution history cache (C:\Users\long\.gradle\caches\5.4.1\executionHistory)" [_thread_blocked, id=10068, stack(0x000000001dab0000,0x000000001dbb0000)]
  0x0000000016aed000 JavaThread "Cache worker for journal cache (C:\Users\long\.gradle\caches\journal-1)" [_thread_blocked, id=10344, stack(0x0000000018700000,0x0000000018800000)]
  0x0000000016aee800 JavaThread "File lock request listener" [_thread_in_native, id=9004, stack(0x0000000018500000,0x0000000018600000)]
  0x0000000016af0800 JavaThread "Cache worker for file hash cache (C:\Users\long\.gradle\caches\5.4.1\fileHashes)" [_thread_blocked, id=8988, stack(0x0000000018400000,0x0000000018500000)]
  0x000000001685e000 JavaThread "Daemon periodic checks" [_thread_blocked, id=4828, stack(0x0000000017a00000,0x0000000017b00000)]
  0x0000000016861800 JavaThread "Incoming local TCP Connector on port 50417" [_thread_in_native, id=6040, stack(0x00000000177c0000,0x00000000178c0000)]
  0x000000001628e000 JavaThread "Daemon health stats" [_thread_blocked, id=5992, stack(0x0000000017180000,0x0000000017280000)]
  0x0000000013acb000 JavaThread "Service Thread" daemon [_thread_blocked, id=6496, stack(0x00000000157b0000,0x00000000158b0000)]
  0x0000000013ac5000 JavaThread "C1 CompilerThread2" daemon [_thread_blocked, id=9964, stack(0x00000000152b0000,0x00000000153b0000)]
=>0x0000000013a74000 JavaThread "C2 CompilerThread1" daemon [_thread_in_native, id=9616, stack(0x00000000151b0000,0x00000000152b0000)]
  0x0000000013a70000 JavaThread "C2 CompilerThread0" daemon [_thread_blocked, id=9172, stack(0x00000000150b0000,0x00000000151b0000)]
  0x0000000013a6e000 JavaThread "Attach Listener" daemon [_thread_blocked, id=2596, stack(0x0000000014fb0000,0x00000000150b0000)]
  0x0000000013a6a800 JavaThread "Signal Dispatcher" daemon [_thread_blocked, id=8796, stack(0x0000000014eb0000,0x0000000014fb0000)]
  0x0000000013a59800 JavaThread "Finalizer" daemon [_thread_blocked, id=7996, stack(0x0000000014cc0000,0x0000000014dc0000)]
  0x0000000002641800 JavaThread "Reference Handler" daemon [_thread_blocked, id=6376, stack(0x0000000014bc0000,0x0000000014cc0000)]
  0x0000000002552800 JavaThread "main" [_thread_blocked, id=2716, stack(0x00000000023a0000,0x00000000024a0000)]

Other Threads:
  0x0000000013a37800 VMThread [stack: 0x0000000014ac0000,0x0000000014bc0000] [id=7132]
  0x00000000153bb800 WatcherThread [stack: 0x00000000158b0000,0x00000000159b0000] [id=5876]

VM state:not at safepoint (normal execution)

VM Mutex/Monitor currently owned by a thread: None

heap address: 0x00000000e0000000, size: 512 MB, Compressed Oops mode: 32-bit
Narrow klass base: 0x0000000000000000, Narrow klass shift: 3
Compressed class space size: 1073741824 Address: 0x0000000100000000

Heap:
 PSYoungGen      total 143360K, used 131301K [0x00000000f5580000, 0x00000000ffe80000, 0x0000000100000000)
  eden space 131584K, 90% used [0x00000000f5580000,0x00000000fca526f8,0x00000000fd600000)
  from space 11776K, 99% used [0x00000000fd600000,0x00000000fe167028,0x00000000fe180000)
  to   space 20480K, 0% used [0x00000000fea80000,0x00000000fea80000,0x00000000ffe80000)
 ParOldGen       total 175104K, used 41243K [0x00000000e0000000, 0x00000000eab00000, 0x00000000f5580000)
  object space 175104K, 23% used [0x00000000e0000000,0x00000000e2846c28,0x00000000eab00000)
 Metaspace       used 70101K, capacity 72556K, committed 72880K, reserved 1112064K
  class space    used 9433K, capacity 10039K, committed 10160K, reserved 1048576K

Card table byte_map: [0x0000000011a10000,0x0000000011b20000] byte_map_base: 0x0000000011310000

Marking Bits: (ParMarkBitMap*) 0x0000000060105ce0
 Begin Bits: [0x0000000011fd0000, 0x00000000127d0000)
 End Bits:   [0x00000000127d0000, 0x0000000012fd0000)

Polling page: 0x00000000007d0000

CodeCache: size=245760Kb used=26848Kb max_used=26852Kb free=218911Kb
 bounds [0x0000000002650000, 0x00000000040b0000, 0x0000000011650000]
 total_blobs=9198 nmethods=8364 adapters=745
 compilation: enabled

Compilation events (10 events):
Event: 2764.617 Thread 0x0000000013a70000 nmethod 9708 0x00000000030a6650 code [0x00000000030a67c0, 0x00000000030a6b90]
Event: 2764.619 Thread 0x0000000013ac5000 nmethod 9707 0x0000000002fe8410 code [0x0000000002fe8620, 0x0000000002fe9488]
Event: 2764.692 Thread 0x0000000013a70000 9709       4       org.apache.commons.lang.StringUtils::containsAny (128 bytes)
Event: 2764.703 Thread 0x0000000013ac5000 9710       3       org.gradle.internal.metaobject.BeanDynamicObject::<init> (61 bytes)
Event: 2764.705 Thread 0x0000000013a70000 nmethod 9709 0x000000000375bb10 code [0x000000000375bc60, 0x000000000375bed8]
Event: 2764.706 Thread 0x0000000013ac5000 nmethod 9710 0x0000000002a4f5d0 code [0x0000000002a4f760, 0x0000000002a4fb38]
Event: 2764.706 Thread 0x0000000013ac5000 9711       3       org.gradle.internal.metaobject.BeanDynamicObject::determineDelegate (78 bytes)
Event: 2764.710 Thread 0x0000000013ac5000 nmethod 9711 0x0000000004072750 code [0x0000000004072980, 0x00000000040738d8]
Event: 2764.710 Thread 0x0000000013ac5000 9712       3       org.gradle.internal.metaobject.BeanDynamicObject$MetaClassAdapter::<init> (6 bytes)
Event: 2764.711 Thread 0x0000000013ac5000 nmethod 9712 0x000000000333bed0 code [0x000000000333c040, 0x000000000333c270]

GC Heap History (10 events):
Event: 79.725 GC heap before
{Heap before GC invocations=10 (full 2):
 PSYoungGen      total 154112K, used 154097K [0x00000000f5580000, 0x0000000100000000, 0x0000000100000000)
  eden space 139264K, 100% used [0x00000000f5580000,0x00000000fdd80000,0x00000000fdd80000)
  from space 14848K, 99% used [0x00000000fdd80000,0x00000000febfc428,0x00000000fec00000)
  to   space 17408K, 0% used [0x00000000fef00000,0x00000000fef00000,0x0000000100000000)
 ParOldGen       total 175104K, used 18309K [0x00000000e0000000, 0x00000000eab00000, 0x00000000f5580000)
  object space 175104K, 10% used [0x00000000e0000000,0x00000000e11e15b0,0x00000000eab00000)
 Metaspace       used 57091K, capacity 58588K, committed 58800K, reserved 1099776K
  class space    used 7861K, capacity 8277K, committed 8368K, reserved 1048576K
Event: 79.761 GC heap after
Heap after GC invocations=10 (full 2):
 PSYoungGen      total 148992K, used 17390K [0x00000000f5580000, 0x0000000100000000, 0x0000000100000000)
  eden space 131584K, 0% used [0x00000000f5580000,0x00000000f5580000,0x00000000fd600000)
  from space 17408K, 99% used [0x00000000fef00000,0x00000000ffffbb40,0x0000000100000000)
  to   space 21504K, 0% used [0x00000000fd600000,0x00000000fd600000,0x00000000feb00000)
 ParOldGen       total 175104K, used 22700K [0x00000000e0000000, 0x00000000eab00000, 0x00000000f5580000)
  object space 175104K, 12% used [0x00000000e0000000,0x00000000e162b1f8,0x00000000eab00000)
 Metaspace       used 57091K, capacity 58588K, committed 58800K, reserved 1099776K
  class space    used 7861K, capacity 8277K, committed 8368K, reserved 1048576K
}
Event: 79.932 GC heap before
{Heap before GC invocations=11 (full 2):
 PSYoungGen      total 148992K, used 25268K [0x00000000f5580000, 0x0000000100000000, 0x0000000100000000)
  eden space 131584K, 5% used [0x00000000f5580000,0x00000000f5d315b8,0x00000000fd600000)
  from space 17408K, 99% used [0x00000000fef00000,0x00000000ffffbb40,0x0000000100000000)
  to   space 21504K, 0% used [0x00000000fd600000,0x00000000fd600000,0x00000000feb00000)
 ParOldGen       total 175104K, used 22700K [0x00000000e0000000, 0x00000000eab00000, 0x00000000f5580000)
  object space 175104K, 12% used [0x00000000e0000000,0x00000000e162b1f8,0x00000000eab00000)
 Metaspace       used 57525K, capacity 59054K, committed 59160K, reserved 1099776K
  class space    used 7922K, capacity 8348K, committed 8368K, reserved 1048576K
Event: 79.990 GC heap after
Heap after GC invocations=11 (full 2):
 PSYoungGen      total 153088K, used 14166K [0x00000000f5580000, 0x0000000100000000, 0x0000000100000000)
  eden space 131584K, 0% used [0x00000000f5580000,0x00000000f5580000,0x00000000fd600000)
  from space 21504K, 65% used [0x00000000fd600000,0x00000000fe3d5a18,0x00000000feb00000)
  to   space 20992K, 0% used [0x00000000feb80000,0x00000000feb80000,0x0000000100000000)
 ParOldGen       total 175104K, used 22700K [0x00000000e0000000, 0x00000000eab00000, 0x00000000f5580000)
  object space 175104K, 12% used [0x00000000e0000000,0x00000000e162b1f8,0x00000000eab00000)
 Metaspace       used 57525K, capacity 59054K, committed 59160K, reserved 1099776K
  class space    used 7922K, capacity 8348K, committed 8368K, reserved 1048576K
}
Event: 79.990 GC heap before
{Heap before GC invocations=12 (full 3):
 PSYoungGen      total 153088K, used 14166K [0x00000000f5580000, 0x0000000100000000, 0x0000000100000000)
  eden space 131584K, 0% used [0x00000000f5580000,0x00000000f5580000,0x00000000fd600000)
  from space 21504K, 65% used [0x00000000fd600000,0x00000000fe3d5a18,0x00000000feb00000)
  to   space 20992K, 0% used [0x00000000feb80000,0x00000000feb80000,0x0000000100000000)
 ParOldGen       total 175104K, used 22700K [0x00000000e0000000, 0x00000000eab00000, 0x00000000f5580000)
  object space 175104K, 12% used [0x00000000e0000000,0x00000000e162b1f8,0x00000000eab00000)
 Metaspace       used 57525K, capacity 59054K, committed 59160K, reserved 1099776K
  class space    used 7922K, capacity 8348K, committed 8368K, reserved 1048576K
Event: 80.492 GC heap after
Heap after GC invocations=12 (full 3):
 PSYoungGen      total 153088K, used 0K [0x00000000f5580000, 0x0000000100000000, 0x0000000100000000)
  eden space 131584K, 0% used [0x00000000f5580000,0x00000000f5580000,0x00000000fd600000)
  from space 21504K, 0% used [0x00000000fd600000,0x00000000fd600000,0x00000000feb00000)
  to   space 20992K, 0% used [0x00000000feb80000,0x00000000feb80000,0x0000000100000000)
 ParOldGen       total 175104K, used 29808K [0x00000000e0000000, 0x00000000eab00000, 0x00000000f5580000)
  object space 175104K, 17% used [0x00000000e0000000,0x00000000e1d1c280,0x00000000eab00000)
 Metaspace       used 57525K, capacity 59054K, committed 59160K, reserved 1099776K
  class space    used 7922K, capacity 8348K, committed 8368K, reserved 1048576K
}
Event: 84.105 GC heap before
{Heap before GC invocations=13 (full 3):
 PSYoungGen      total 153088K, used 131584K [0x00000000f5580000, 0x0000000100000000, 0x0000000100000000)
  eden space 131584K, 100% used [0x00000000f5580000,0x00000000fd600000,0x00000000fd600000)
  from space 21504K, 0% used [0x00000000fd600000,0x00000000fd600000,0x00000000feb00000)
  to   space 20992K, 0% used [0x00000000feb80000,0x00000000feb80000,0x0000000100000000)
 ParOldGen       total 175104K, used 29808K [0x00000000e0000000, 0x00000000eab00000, 0x00000000f5580000)
  object space 175104K, 17% used [0x00000000e0000000,0x00000000e1d1c280,0x00000000eab00000)
 Metaspace       used 62577K, capacity 64634K, committed 64816K, reserved 1105920K
  class space    used 8698K, capacity 9238K, committed 9264K, reserved 1048576K
Event: 84.161 GC heap after
Heap after GC invocations=13 (full 3):
 PSYoungGen      total 152576K, used 14895K [0x00000000f5580000, 0x0000000100000000, 0x0000000100000000)
  eden space 131584K, 0% used [0x00000000f5580000,0x00000000f5580000,0x00000000fd600000)
  from space 20992K, 70% used [0x00000000feb80000,0x00000000ffa0bff8,0x0000000100000000)
  to   space 21504K, 0% used [0x00000000fd600000,0x00000000fd600000,0x00000000feb00000)
 ParOldGen       total 175104K, used 29816K [0x00000000e0000000, 0x00000000eab00000, 0x00000000f5580000)
  object space 175104K, 17% used [0x00000000e0000000,0x00000000e1d1e280,0x00000000eab00000)
 Metaspace       used 62577K, capacity 64634K, committed 64816K, reserved 1105920K
  class space    used 8698K, capacity 9238K, committed 9264K, reserved 1048576K
}
Event: 88.782 GC heap before
{Heap before GC invocations=14 (full 3):
 PSYoungGen      total 152576K, used 146479K [0x00000000f5580000, 0x0000000100000000, 0x0000000100000000)
  eden space 131584K, 100% used [0x00000000f5580000,0x00000000fd600000,0x00000000fd600000)
  from space 20992K, 70% used [0x00000000feb80000,0x00000000ffa0bff8,0x0000000100000000)
  to   space 21504K, 0% used [0x00000000fd600000,0x00000000fd600000,0x00000000feb00000)
 ParOldGen       total 175104K, used 29816K [0x00000000e0000000, 0x00000000eab00000, 0x00000000f5580000)
  object space 175104K, 17% used [0x00000000e0000000,0x00000000e1d1e280,0x00000000eab00000)
 Metaspace       used 65911K, capacity 68272K, committed 68400K, reserved 1107968K
  class space    used 9110K, capacity 9679K, committed 9776K, reserved 1048576K
Event: 88.822 GC heap after
Heap after GC invocations=14 (full 3):
 PSYoungGen      total 143360K, used 11676K [0x00000000f5580000, 0x00000000ffe80000, 0x0000000100000000)
  eden space 131584K, 0% used [0x00000000f5580000,0x00000000f5580000,0x00000000fd600000)
  from space 11776K, 99% used [0x00000000fd600000,0x00000000fe167028,0x00000000fe180000)
  to   space 20480K, 0% used [0x00000000fea80000,0x00000000fea80000,0x00000000ffe80000)
 ParOldGen       total 175104K, used 41243K [0x00000000e0000000, 0x00000000eab00000, 0x00000000f5580000)
  object space 175104K, 23% used [0x00000000e0000000,0x00000000e2846c28,0x00000000eab00000)
 Metaspace       used 65911K, capacity 68272K, committed 68400K, reserved 1107968K
  class space    used 9110K, capacity 9679K, committed 9776K, reserved 1048576K
}

Deoptimization events (10 events):
Event: 99.752 Thread 0x0000000016aed800 Uncommon trap: reason=bimorphic action=maybe_recompile pc=0x0000000002bf84c8 method=java.util.HashMap.removeNode(ILjava/lang/Object;Ljava/lang/Object;ZZ)Ljava/util/HashMap$Node; @ 143
Event: 99.753 Thread 0x000000001a02a800 Uncommon trap: reason=class_check action=maybe_recompile pc=0x0000000003a0fa78 method=java.util.concurrent.locks.ReentrantLock.lock()V @ 4
Event: 99.761 Thread 0x0000000016aed800 Uncommon trap: reason=bimorphic action=maybe_recompile pc=0x0000000002bf84c8 method=java.util.HashMap.removeNode(ILjava/lang/Object;Ljava/lang/Object;ZZ)Ljava/util/HashMap$Node; @ 143
Event: 99.767 Thread 0x0000000016aed800 Uncommon trap: reason=unstable_if action=reinterpret pc=0x00000000037a915c method=java.util.HashMap$HashIterator.<init>(Ljava/util/HashMap;)V @ 45
Event: 99.771 Thread 0x0000000016aed800 Uncommon trap: reason=unstable_if action=reinterpret pc=0x00000000036e21d4 method=java.util.HashMap$HashIterator.<init>(Ljava/util/HashMap;)V @ 45
Event: 99.806 Thread 0x0000000016aed800 Uncommon trap: reason=unstable_if action=reinterpret pc=0x0000000003878518 method=org.gradle.internal.logging.slf4j.OutputEventListenerBackedLogger.isLevelAtMost(Lorg/gradle/api/logging/LogLevel;)Z @ 11
Event: 99.824 Thread 0x0000000016af0000 Uncommon trap: reason=unstable_if action=reinterpret pc=0x00000000035be9ec method=org.gradle.internal.logging.slf4j.OutputEventListenerBackedLogger.isLevelAtMost(Lorg/gradle/api/logging/LogLevel;)Z @ 11
Event: 99.849 Thread 0x0000000016af1800 Uncommon trap: reason=unstable_if action=reinterpret pc=0x00000000039ddba0 method=com.esotericsoftware.kryo.io.Input.require(I)I @ 180
Event: 2764.566 Thread 0x000000001ae61800 Uncommon trap: reason=unstable_if action=reinterpret pc=0x00000000035bec18 method=java.lang.Long.stringSize(J)I @ 11
Event: 2764.577 Thread 0x000000001ae61800 Uncommon trap: reason=unstable_if action=reinterpret pc=0x0000000003f87500 method=org.gradle.internal.logging.sink.OutputEventTransformer.onOutput(Lorg/gradle/internal/logging/events/OutputEvent;)V @ 84

Classes redefined (0 events):
No events

Internal exceptions (10 events):
Event: 2381.021 Thread 0x000000001ae65000 Exception <a 'java/net/ConnectException': Connection refused: connect> (0x00000000fc2ac5b0) thrown at [C:\re\workspace\8-2-build-windows-amd64-cygwin\jdk8u221\13320\hotspot\src\share\vm\prims\jni.cpp, line 736]
Event: 2383.033 Thread 0x000000001ae65000 Exception <a 'java/net/ConnectException': Connection refused: connect> (0x00000000fc2b17a8) thrown at [C:\re\workspace\8-2-build-windows-amd64-cygwin\jdk8u221\13320\hotspot\src\share\vm\prims\jni.cpp, line 736]
Event: 2385.036 Thread 0x000000001ae65000 Exception <a 'java/net/ConnectException': Connection refused: connect> (0x00000000fc2b69a0) thrown at [C:\re\workspace\8-2-build-windows-amd64-cygwin\jdk8u221\13320\hotspot\src\share\vm\prims\jni.cpp, line 736]
Event: 2387.042 Thread 0x000000001ae65000 Exception <a 'java/net/ConnectException': Connection refused: connect> (0x00000000fc2bbb98) thrown at [C:\re\workspace\8-2-build-windows-amd64-cygwin\jdk8u221\13320\hotspot\src\share\vm\prims\jni.cpp, line 736]
Event: 2389.046 Thread 0x000000001ae65000 Exception <a 'java/net/ConnectException': Connection refused: connect> (0x00000000fc2c0d90) thrown at [C:\re\workspace\8-2-build-windows-amd64-cygwin\jdk8u221\13320\hotspot\src\share\vm\prims\jni.cpp, line 736]
Event: 2391.052 Thread 0x000000001ae65000 Exception <a 'java/net/ConnectException': Connection refused: connect> (0x00000000fc2c5f88) thrown at [C:\re\workspace\8-2-build-windows-amd64-cygwin\jdk8u221\13320\hotspot\src\share\vm\prims\jni.cpp, line 736]
Event: 2393.077 Thread 0x000000001ae65000 Exception <a 'java/net/ConnectException': Connection refused: connect> (0x00000000fc2cb180) thrown at [C:\re\workspace\8-2-build-windows-amd64-cygwin\jdk8u221\13320\hotspot\src\share\vm\prims\jni.cpp, line 736]
Event: 2395.081 Thread 0x000000001ae65000 Exception <a 'java/net/ConnectException': Connection refused: connect> (0x00000000fc2d0378) thrown at [C:\re\workspace\8-2-build-windows-amd64-cygwin\jdk8u221\13320\hotspot\src\share\vm\prims\jni.cpp, line 736]
Event: 2397.128 Thread 0x000000001ae65000 Exception <a 'java/net/ConnectException': Connection refused: connect> (0x00000000fc2d5578) thrown at [C:\re\workspace\8-2-build-windows-amd64-cygwin\jdk8u221\13320\hotspot\src\share\vm\prims\jni.cpp, line 736]
Event: 2764.576 Thread 0x000000001ae61800 Implicit null exception at 0x0000000003f81397 to 0x0000000003f874e9

Events (10 events):
Event: 2764.584 Executing VM operation: RevokeBias
Event: 2764.585 Executing VM operation: RevokeBias done
Event: 2764.585 Executing VM operation: RevokeBias
Event: 2764.585 Executing VM operation: RevokeBias done
Event: 2764.668 Executing VM operation: RevokeBias
Event: 2764.669 Executing VM operation: RevokeBias done
Event: 2764.669 Executing VM operation: RevokeBias
Event: 2764.669 Executing VM operation: RevokeBias done
Event: 2764.692 Thread 0x000000001ae61800 DEOPT PACKING pc=0x00000000028449df sp=0x000000002291ad30
Event: 2764.692 Thread 0x000000001ae61800 DEOPT UNPACKING pc=0x0000000002697890 sp=0x000000002291aa78 mode 0


Dynamic libraries:
0x00007ff6a0620000 - 0x00007ff6a0657000 	C:\Program Files\Java\jdk1.8.0_221\bin\java.exe
0x00007ffd8ea30000 - 0x00007ffd8ec11000 	C:\Windows\SYSTEM32\ntdll.dll
0x00007ffd8d560000 - 0x00007ffd8d611000 	C:\Windows\System32\KERNEL32.DLL
0x00007ffd8b690000 - 0x00007ffd8b903000 	C:\Windows\System32\KERNELBASE.dll
0x00007ffd8bf20000 - 0x00007ffd8bfc1000 	C:\Windows\System32\ADVAPI32.dll
0x00007ffd8d7b0000 - 0x00007ffd8d84e000 	C:\Windows\System32\msvcrt.dll
0x00007ffd8bfd0000 - 0x00007ffd8c02b000 	C:\Windows\System32\sechost.dll
0x00007ffd8e2a0000 - 0x00007ffd8e3c4000 	C:\Windows\System32\RPCRT4.dll
0x00007ffd8d620000 - 0x00007ffd8d7b0000 	C:\Windows\System32\USER32.dll
0x00007ffd8bea0000 - 0x00007ffd8bec0000 	C:\Windows\System32\win32u.dll
0x00007ffd8d960000 - 0x00007ffd8d988000 	C:\Windows\System32\GDI32.dll
0x00007ffd8ba10000 - 0x00007ffd8bba1000 	C:\Windows\System32\gdi32full.dll
0x00007ffd8b590000 - 0x00007ffd8b62f000 	C:\Windows\System32\msvcp_win.dll
0x00007ffd8b910000 - 0x00007ffd8ba08000 	C:\Windows\System32\ucrtbase.dll
0x00007ffd80c20000 - 0x00007ffd80e89000 	C:\Windows\WinSxS\amd64_microsoft.windows.common-controls_6595b64144ccf1df_6.0.17134.950_none_fb3da4273069d3e0\COMCTL32.dll
0x00007ffd8e6d0000 - 0x00007ffd8e9f2000 	C:\Windows\System32\combase.dll
0x00007ffd8ae00000 - 0x00007ffd8ae79000 	C:\Windows\System32\bcryptPrimitives.dll
0x00007ffd8d930000 - 0x00007ffd8d95d000 	C:\Windows\System32\IMM32.DLL
0x0000000060190000 - 0x0000000060262000 	C:\Program Files\Java\jdk1.8.0_221\jre\bin\msvcr100.dll
0x000000005f8e0000 - 0x0000000060185000 	C:\Program Files\Java\jdk1.8.0_221\jre\bin\server\jvm.dll
0x00007ffd8e620000 - 0x00007ffd8e628000 	C:\Windows\System32\PSAPI.DLL
0x00007ffd7d390000 - 0x00007ffd7d399000 	C:\Windows\SYSTEM32\WSOCK32.dll
0x00007ffd8dd60000 - 0x00007ffd8ddcc000 	C:\Windows\System32\WS2_32.dll
0x00007ffd86ee0000 - 0x00007ffd86f03000 	C:\Windows\SYSTEM32\WINMM.dll
0x00007ffd85080000 - 0x00007ffd8508a000 	C:\Windows\SYSTEM32\VERSION.dll
0x00007ffd86eb0000 - 0x00007ffd86eda000 	C:\Windows\SYSTEM32\WINMMBASE.dll
0x00007ffd8bbb0000 - 0x00007ffd8bbf9000 	C:\Windows\System32\cfgmgr32.dll
0x00007ffd7c0e0000 - 0x00007ffd7c0ef000 	C:\Program Files\Java\jdk1.8.0_221\jre\bin\verify.dll
0x00007ffd718a0000 - 0x00007ffd718c9000 	C:\Program Files\Java\jdk1.8.0_221\jre\bin\java.dll
0x00007ffd75440000 - 0x00007ffd75456000 	C:\Program Files\Java\jdk1.8.0_221\jre\bin\zip.dll
0x00007ffd8c120000 - 0x00007ffd8d560000 	C:\Windows\System32\SHELL32.dll
0x00007ffd8e3d0000 - 0x00007ffd8e479000 	C:\Windows\System32\shcore.dll
0x00007ffd8ae80000 - 0x00007ffd8b58d000 	C:\Windows\System32\windows.storage.dll
0x00007ffd8d8d0000 - 0x00007ffd8d921000 	C:\Windows\System32\shlwapi.dll
0x00007ffd8ada0000 - 0x00007ffd8adb1000 	C:\Windows\System32\kernel.appcore.dll
0x00007ffd8ade0000 - 0x00007ffd8adff000 	C:\Windows\System32\profapi.dll
0x00007ffd8ad40000 - 0x00007ffd8ad8c000 	C:\Windows\System32\powrprof.dll
0x00007ffd8ad90000 - 0x00007ffd8ad9a000 	C:\Windows\System32\FLTLIB.DLL
0x00007ffd6fa10000 - 0x00007ffd6fa2a000 	C:\Program Files\Java\jdk1.8.0_221\jre\bin\net.dll
0x00007ffd7d5a0000 - 0x00007ffd7d769000 	C:\Windows\SYSTEM32\urlmon.dll
0x00007ffd7eb20000 - 0x00007ffd7edc6000 	C:\Windows\SYSTEM32\iertutil.dll
0x00007ffd8a790000 - 0x00007ffd8a79b000 	C:\Windows\SYSTEM32\CRYPTBASE.DLL
0x00007ffd8a5c0000 - 0x00007ffd8a626000 	C:\Windows\system32\mswsock.dll
0x00007ffd6e0e0000 - 0x00007ffd6e0f2000 	C:\Program Files\Java\jdk1.8.0_221\jre\bin\nio.dll
0x00007ffd84400000 - 0x00007ffd84426000 	C:\Users\long\.gradle\native\29\windows-amd64\native-platform.dll
0x00007ffd7b790000 - 0x00007ffd7b79d000 	C:\Program Files\Java\jdk1.8.0_221\jre\bin\management.dll
0x00007ffd8a770000 - 0x00007ffd8a787000 	C:\Windows\SYSTEM32\CRYPTSP.dll
0x00007ffd8a170000 - 0x00007ffd8a1a3000 	C:\Windows\system32\rsaenh.dll
0x00007ffd8a8a0000 - 0x00007ffd8a8c5000 	C:\Windows\SYSTEM32\bcrypt.dll
0x00007ffd8ac70000 - 0x00007ffd8ac98000 	C:\Windows\SYSTEM32\USERENV.dll
0x00007ffd8a310000 - 0x00007ffd8a348000 	C:\Windows\SYSTEM32\IPHLPAPI.DLL
0x00007ffd8c030000 - 0x00007ffd8c038000 	C:\Windows\System32\NSI.dll
0x00007ffd84090000 - 0x00007ffd840a6000 	C:\Windows\SYSTEM32\dhcpcsvc6.DLL
0x00007ffd840b0000 - 0x00007ffd840ca000 	C:\Windows\SYSTEM32\dhcpcsvc.DLL

VM Arguments:
jvm_args: -XX:MaxMetaspaceSize=256m -XX:+HeapDumpOnOutOfMemoryError -Xms256m -Xmx512m -Dfile.encoding=windows-1252 -Duser.country=US -Duser.language=en -Duser.variant 
java_command: org.gradle.launcher.daemon.bootstrap.GradleDaemon 5.4.1
java_class_path (initial): C:\Users\long\.gradle\wrapper\dists\gradle-5.4.1-all\3221gyojl5jsh0helicew7rwx\gradle-5.4.1\lib\gradle-launcher-5.4.1.jar
Launcher Type: SUN_STANDARD

Environment Variables:
JAVA_HOME=C:\Program Files\Java\jdk1.8.0_221
CLASSPATH=C:\Users\long\Desktop\project\android\app10\android\\gradle\wrapper\gradle-wrapper.jar
PATH=C:\Python27\;C:\Python27\Scripts;C:\Windows\system32;C:\Windows;C:\Windows\System32\Wbem;C:\Windows\System32\WindowsPowerShell\v1.0\;C:\Windows\System32\OpenSSH\;C:\ProgramData\chocolatey\bin;C:\Program Files\nodejs\;C:\Program Files\Java\jdk1.8.0_221\bin;C:\Program Files (x86)\Yarn\bin\;C:\Python27\;C:\Python27\Scripts;C:\Windows\system32;C:\Windows;C:\Windows\System32\Wbem;C:\Windows\System32\WindowsPowerShell\v1.0\;C:\Windows\System32\OpenSSH\;C:\ProgramData\chocolatey\bin;C:\Program Files\nodejs\;C:\Program Files\Java\jdk1.8.0_221\bin;C:\Users\long\AppData\Local\Microsoft\WindowsApps;C:\Users\long\AppData\Local\Programs\Microsoft VS Code\bin;C:\Users\long\AppData\Roaming\npm;C:\Users\long\AppData\Local\Android\Sdk\platform-tools;C:\Users\long\AppData\Local\Yarn\bin;C:\Users\long\AppData\Local\Programs\Git\cmd
USERNAME=long
OS=Windows_NT
PROCESSOR_IDENTIFIER=Intel64 Family 6 Model 69 Stepping 1, GenuineIntel



---------------  S Y S T E M  ---------------

OS: Windows 10.0 , 64 bit Build 17134 (10.0.17134.753)

CPU:total 4 (initial active 4) (2 cores per cpu, 2 threads per core) family 6 model 69 stepping 1, cmov, cx8, fxsr, mmx, sse, sse2, sse3, ssse3, sse4.1, sse4.2, popcnt, avx, avx2, aes, clmul, erms, lzcnt, ht, tsc, tscinvbit, bmi1, bmi2

Memory: 4k page, physical 4074556k(793704k free), swap 16657468k(21536k free)

vm_info: Java HotSpot(TM) 64-Bit Server VM (25.221-b11) for windows-amd64 JRE (1.8.0_221-b11), built on Jul  4 2019 04:39:29 by "java_re" with MS VC++ 10.0 (VS2010)

time: Fri Sep 06 19:18:06 2019
timezone: SE Asia Standard Time
elapsed time: 2765 seconds (0d 0h 46m 5s)

